<?xml version="1.0" encoding="UTF-8"?>
<testng-results skipped="0" failed="0" ignored="0" total="1" passed="1">
  <reporter-output>
  </reporter-output>
  <suite name="Default suite" duration-ms="28678" started-at="2018-02-02T14:17:40Z" finished-at="2018-02-02T14:18:08Z">
    <groups>
    </groups>
    <test name="Default test" duration-ms="28678" started-at="2018-02-02T14:17:40Z" finished-at="2018-02-02T14:18:08Z">
      <class name="com.page.TestLogin">
        <test-method status="PASS" signature="pre()[pri:0, instance:com.page.TestLogin@59fa1d9b]" name="pre" is-config="true" duration-ms="7182" started-at="2018-02-02T19:47:40Z" finished-at="2018-02-02T19:47:47Z">
          <reporter-output>
          </reporter-output>
        </test-method> <!-- pre -->
        <test-method status="PASS" signature="login()[pri:0, instance:com.page.TestLogin@59fa1d9b]" name="login" duration-ms="316" started-at="2018-02-02T19:47:47Z" finished-at="2018-02-02T19:47:47Z">
          <reporter-output>
          </reporter-output>
        </test-method> <!-- login -->
        <test-method status="PASS" signature="post()[pri:0, instance:com.page.TestLogin@59fa1d9b]" name="post" is-config="true" duration-ms="21149" started-at="2018-02-02T19:47:47Z" finished-at="2018-02-02T19:48:08Z">
          <reporter-output>
          </reporter-output>
        </test-method> <!-- post -->
      </class> <!-- com.page.TestLogin -->
    </test> <!-- Default test -->
  </suite> <!-- Default suite -->
</testng-results>
